TN:
SF:src/app.ts
FN:11,(anonymous_1)
FN:17,(anonymous_2)
FN:18,(anonymous_3)
FN:21,(anonymous_4)
FN:23,(anonymous_5)
FNF:5
FNH:5
FNDA:2,(anonymous_1)
FNDA:2,(anonymous_2)
FNDA:4,(anonymous_3)
FNDA:1,(anonymous_4)
FNDA:1,(anonymous_5)
DA:1,1
DA:2,1
DA:3,1
DA:5,1
DA:7,1
DA:12,2
DA:13,2
DA:14,2
DA:18,4
DA:22,1
DA:23,1
DA:24,1
DA:29,1
DA:30,1
LF:14
LH:14
BRDA:22,0,0,1
BRDA:22,0,1,0
BRF:2
BRH:1
end_of_record
TN:
SF:src/controllers/geojson.controller.ts
FN:9,(anonymous_0)
FN:13,(anonymous_1)
FN:25,(anonymous_2)
FN:29,(anonymous_3)
FNF:4
FNH:4
FNDA:2,(anonymous_0)
FNDA:4,(anonymous_1)
FNDA:1,(anonymous_2)
FNDA:1,(anonymous_3)
DA:2,1
DA:3,1
DA:4,1
DA:6,1
DA:10,2
DA:14,4
DA:16,4
DA:17,1
DA:20,3
DA:21,1
DA:23,2
DA:24,2
DA:26,1
DA:27,1
DA:30,1
DA:31,1
LF:16
LH:16
BRDA:16,0,0,1
BRDA:16,1,0,4
BRDA:16,1,1,3
BRDA:16,1,2,3
BRDA:16,1,3,3
BRDA:20,2,0,1
BRDA:20,3,0,3
BRDA:20,3,1,2
BRDA:20,3,2,2
BRDA:20,3,3,2
BRF:10
BRH:10
end_of_record
TN:
SF:src/enums/error-codes.enum.ts
FN:1,(anonymous_0)
FN:7,(anonymous_1)
FNF:2
FNH:2
FNDA:1,(anonymous_0)
FNDA:1,(anonymous_1)
DA:1,1
DA:2,1
DA:3,1
DA:4,1
DA:7,1
DA:8,1
DA:9,1
DA:10,1
DA:11,1
LF:9
LH:9
BRDA:1,0,0,1
BRDA:1,0,1,1
BRDA:7,1,0,1
BRDA:7,1,1,1
BRF:4
BRH:4
end_of_record
TN:
SF:src/services/osm.service.ts
FN:9,(anonymous_8)
FN:15,(anonymous_10)
FNF:2
FNH:2
FNDA:1,(anonymous_8)
FNDA:1,(anonymous_10)
DA:1,1
DA:2,1
DA:4,1
DA:6,1
DA:8,1
DA:10,1
DA:11,1
DA:12,1
DA:16,1
DA:17,1
LF:10
LH:10
BRF:0
BRH:0
end_of_record
TN:
SF:src/utils/validation.utils.ts
FN:2,isValidLatitude
FN:6,isValidLongitude
FNF:2
FNH:2
FNDA:5,isValidLatitude
FNDA:4,isValidLongitude
DA:2,1
DA:3,5
DA:6,1
DA:7,4
LF:4
LH:4
BRDA:3,0,0,5
BRDA:3,0,1,5
BRDA:7,1,0,4
BRDA:7,1,1,4
BRF:4
BRH:4
end_of_record
